# configure exec: ./configure --prefix=/Users/pittpongpittayapa/VSCode/kafka_test/node_modules/node-rdkafka/build/deps --libdir=/Users/pittpongpittayapa/VSCode/kafka_test/node_modules/node-rdkafka/build/deps --prefix=/Users/pittpongpittayapa/VSCode/kafka_test/node_modules/node-rdkafka/build/deps --libdir=/Users/pittpongpittayapa/VSCode/kafka_test/node_modules/node-rdkafka/build/deps
# On Mon Apr 17 00:55:40 +07 2023
DBG 74382: Setting distro (distro) status to ok (action ignore)
DBG 74382: ccenv: WITH_CC:  --version failed: mklove/modules/configure.base: line 1824: --version: command not found
DBG 74382: Setting ccenv (ccenv) status to failed (action cont)
DBG 74382: Check ccenv (WITH_CC, action cont (originally cont)) failed: command ' --version' failed:
mklove/modules/configure.base: line 1824: --version: command not found
DBG 74382: Setting gcc (gcc) status to ok (action cont)
DBG 74382: cxxenv: WITH_CXX:  --version failed: mklove/modules/configure.base: line 1824: --version: command not found
DBG 74382: Setting cxxenv (cxxenv) status to failed (action cont)
DBG 74382: Check cxxenv (WITH_CXX, action cont (originally cont)) failed: command ' --version' failed:
mklove/modules/configure.base: line 1824: --version: command not found
DBG 74382: Setting gxx (gxx) status to ok (action cont)
DBG 74382: Setting ld (ld) status to ok (action disable)
DBG 74382: Setting nm (nm) status to ok (action disable)
DBG 74382: Setting objdump (objdump) status to ok (action disable)
DBG 74382: Setting strip (strip) status to ok (action disable)
DBG 74382: Setting libtool (libtool) status to ok (action disable)
DBG 74382: Setting ranlib (ranlib) status to ok (action disable)
DBG 74382: Compile check cc_g_dwarf () (sub=0): gcc   -Wall -Werror _mkltmpGDR5sc.c -o _mkltmpGDR5sc.c.o  -L/Users/pittpongpittayapa/VSCode/kafka_test/node_modules/node-rdkafka/build/deps -gstrict-dwarf 
DBG 74382: Setting cc_g_dwarf (cc_g_dwarf) status to ok (action cont)
DBG 74382: pkgconfig: WITH_PKGCONFIG: pkg-config --version failed: mklove/modules/configure.base: line 1824: pkg-config: command not found
DBG 74382: Setting pkgconfig (pkgconfig) status to failed (action cont)
DBG 74382: Check pkgconfig (WITH_PKGCONFIG, action cont (originally cont)) failed: command 'pkg-config --version' failed:
mklove/modules/configure.base: line 1824: pkg-config: command not found
DBG 74382: install: WITH_INSTALL: /usr/bin/install --version failed: /usr/bin/install: illegal option -- -
usage: install [-bCcpSsv] [-B suffix] [-f flags] [-g group] [-m mode]
               [-o owner] file1 file2
       install [-bCcpSsv] [-B suffix] [-f flags] [-g group] [-m mode]
               [-o owner] file1 ... fileN directory
       install -d [-v] [-g group] [-m mode] [-o owner] directory ...
DBG 74382: Setting install (install) status to failed (action cont)
DBG 74382: Check install (WITH_INSTALL, action cont (originally cont)) failed: command '/usr/bin/install --version' failed:
/usr/bin/install: illegal option -- -
usage: install [-bCcpSsv] [-B suffix] [-f flags] [-g group] [-m mode]
               [-o owner] file1 file2
       install [-bCcpSsv] [-B suffix] [-f flags] [-g group] [-m mode]
               [-o owner] file1 ... fileN directory
       install -d [-v] [-g group] [-m mode] [-o owner] directory ...
DBG 74382: gnuar: HAS_GNU_AR: ar -V 2>/dev/null | grep -q GNU failed: ar: one of options -dmpqrtsx is required
usage:  ar -d [-TLsv] archive file ...
	ar -m [-TLsv] archive file ...
	ar -m [-abiTLsv] position archive file ...
	ar -p [-TLsv] archive [file ...]
	ar -q [-cTLsv] archive file ...
	ar -r [-cuTLsv] archive file ...
	ar -r [-abciuTLsv] position archive file ...
	ar -t [-TLsv] archive [file ...]
	ar -x [-ouTLsv] archive [file ...]
DBG 74382: Setting gnuar (gnuar) status to failed (action disable)
DBG 74382: Check gnuar (HAS_GNU_AR, action disable (originally disable)) failed: command 'ar -V 2>/dev/null | grep -q GNU' failed:
ar: one of options -dmpqrtsx is required
usage:  ar -d [-TLsv] archive file ...
	ar -m [-TLsv] archive file ...
	ar -m [-abiTLsv] position archive file ...
	ar -p [-TLsv] archive [file ...]
	ar -q [-cTLsv] archive file ...
	ar -r [-cuTLsv] archive file ...
	ar -r [-abciuTLsv] position archive file ...
	ar -t [-TLsv] archive [file ...]
	ar -x [-ouTLsv] archive [file ...]
DBG 74382: Compile check PIC (HAVE_PIC) (sub=0): gcc  -gstrict-dwarf -O2 -Wall -Werror _mkltmppl7MhM.c -o _mkltmppl7MhM.c.o  -L/Users/pittpongpittayapa/VSCode/kafka_test/node_modules/node-rdkafka/build/deps -fPIC 
DBG 74382: Setting PIC (PIC) status to ok (action disable)
DBG 74382: Compile check gnulib (WITH_GNULD) (sub=0): gcc  -gstrict-dwarf -O2 -fPIC -Wall -Werror _mkltmpcF1gfs.c -o _mkltmpcF1gfs.c.o  -L/Users/pittpongpittayapa/VSCode/kafka_test/node_modules/node-rdkafka/build/deps -shared -Wl,-soname,mkltest.0 
DBG 74382: compile check for gnulib (WITH_GNULD) failed: gcc  -gstrict-dwarf -O2 -fPIC -Wall -Werror _mkltmpcF1gfs.c -o _mkltmpcF1gfs.c.o  -L/Users/pittpongpittayapa/VSCode/kafka_test/node_modules/node-rdkafka/build/deps -shared -Wl,-soname,mkltest.0 : ld: unknown option: -soname
clang: error: linker command failed with exit code 1 (use -v to see invocation)
DBG 74382: Setting gnulib (gnulib) status to failed (action cont)
DBG 74382: Check gnulib (WITH_GNULD, action cont (originally cont)) failed: compile check failed:
CC: CC
flags: -shared -Wl,-soname,mkltest.0
gcc  -gstrict-dwarf -O2 -fPIC -Wall -Werror _mkltmpcF1gfs.c -o _mkltmpcF1gfs.c.o  -L/Users/pittpongpittayapa/VSCode/kafka_test/node_modules/node-rdkafka/build/deps -shared -Wl,-soname,mkltest.0 :
ld: unknown option: -soname
clang: error: linker command failed with exit code 1 (use -v to see invocation)
source: 
DBG 74382: Compile check osxlib (WITH_OSXLD) (sub=0): gcc  -gstrict-dwarf -O2 -fPIC -Wall -Werror _mkltmpLWjyTN.c -o _mkltmpLWjyTN.c.o  -L/Users/pittpongpittayapa/VSCode/kafka_test/node_modules/node-rdkafka/build/deps -dynamiclib -Wl,-install_name,/tmp/mkltest.so.0 
DBG 74382: Setting osxlib (osxlib) status to ok (action cont)
DBG 74382: Compile check ldsflagvs () (sub=0): gcc  -gstrict-dwarf -O2 -fPIC -Wall -Werror _mkltmpvZTlET.c -o _mkltmpvZTlET.c.o  -L/Users/pittpongpittayapa/VSCode/kafka_test/node_modules/node-rdkafka/build/deps -shared -Wl,--version-script=_mkltmpCvLQBJ 
DBG 74382: compile check for ldsflagvs () failed: gcc  -gstrict-dwarf -O2 -fPIC -Wall -Werror _mkltmpvZTlET.c -o _mkltmpvZTlET.c.o  -L/Users/pittpongpittayapa/VSCode/kafka_test/node_modules/node-rdkafka/build/deps -shared -Wl,--version-script=_mkltmpCvLQBJ : ld: unknown option: --version-script=_mkltmpCvLQBJ
clang: error: linker command failed with exit code 1 (use -v to see invocation)
DBG 74382: Setting ldsflagvs (ldsflagvs) status to failed (action cont)
DBG 74382: Check ldsflagvs (, action cont (originally cont)) failed: compile check failed:
CC: CC
flags: -shared -Wl,--version-script=_mkltmpCvLQBJ
gcc  -gstrict-dwarf -O2 -fPIC -Wall -Werror _mkltmpvZTlET.c -o _mkltmpvZTlET.c.o  -L/Users/pittpongpittayapa/VSCode/kafka_test/node_modules/node-rdkafka/build/deps -shared -Wl,--version-script=_mkltmpCvLQBJ :
ld: unknown option: --version-script=_mkltmpCvLQBJ
clang: error: linker command failed with exit code 1 (use -v to see invocation)
source: 
DBG 74382: Compile check ldsflagm () (sub=0): gcc  -gstrict-dwarf -O2 -fPIC -Wall -Werror _mkltmp4adsz7.c -o _mkltmp4adsz7.c.o  -L/Users/pittpongpittayapa/VSCode/kafka_test/node_modules/node-rdkafka/build/deps -shared -Wl,-M_mkltmpCvLQBJ 
DBG 74382: compile check for ldsflagm () failed: gcc  -gstrict-dwarf -O2 -fPIC -Wall -Werror _mkltmp4adsz7.c -o _mkltmp4adsz7.c.o  -L/Users/pittpongpittayapa/VSCode/kafka_test/node_modules/node-rdkafka/build/deps -shared -Wl,-M_mkltmpCvLQBJ : ld: unknown option: -M_mkltmpCvLQBJ
clang: error: linker command failed with exit code 1 (use -v to see invocation)
DBG 74382: Setting ldsflagm (ldsflagm) status to failed (action ignore)
DBG 74382: Check ldsflagm (, action ignore (originally ignore)) failed: compile check failed:
CC: CC
flags: -shared -Wl,-M_mkltmpCvLQBJ
gcc  -gstrict-dwarf -O2 -fPIC -Wall -Werror _mkltmp4adsz7.c -o _mkltmp4adsz7.c.o  -L/Users/pittpongpittayapa/VSCode/kafka_test/node_modules/node-rdkafka/build/deps -shared -Wl,-M_mkltmpCvLQBJ :
ld: unknown option: -M_mkltmpCvLQBJ
clang: error: linker command failed with exit code 1 (use -v to see invocation)
source: 
DBG 74382: Compile check __atomic_32 (HAVE_ATOMICS_32) (sub=0): gcc  -gstrict-dwarf -O2 -fPIC -Wall -Werror _mkltmprvtcoF.c -o _mkltmprvtcoF.c.o  -L/Users/pittpongpittayapa/VSCode/kafka_test/node_modules/node-rdkafka/build/deps  
DBG 74382: Setting __atomic_32 (__atomic_32) status to ok (action cont)
DBG 74382: Compile check __atomic_64 (HAVE_ATOMICS_64) (sub=0): gcc  -gstrict-dwarf -O2 -fPIC -Wall -Werror _mkltmpzkx7LJ.c -o _mkltmpzkx7LJ.c.o  -L/Users/pittpongpittayapa/VSCode/kafka_test/node_modules/node-rdkafka/build/deps  
DBG 74382: Setting __atomic_64 (__atomic_64) status to ok (action cont)
DBG 74382: Compile check socket () (sub=0): gcc  -gstrict-dwarf -O2 -fPIC -Wall -Wsign-compare -Wfloat-equal -Wpointer-arith -Wcast-align -Wall -Werror _mkltmpKIfYvp.c -o _mkltmpKIfYvp.c.o  -L/Users/pittpongpittayapa/VSCode/kafka_test/node_modules/node-rdkafka/build/deps  
DBG 74382: Setting socket (socket) status to ok (action cont)
DBG 74382: Setting parseversion (parseversion) status to ok (action cont)
DBG 74382: librt: Check for static library (libs -lrt, arfile variable STATIC_LIB_librt=, static filenames )
DBG 74382: Compile check librt () (sub=0): gcc  -gstrict-dwarf -O2 -fPIC -Wall -Wsign-compare -Wfloat-equal -Wpointer-arith -Wcast-align -Wall -Werror _mkltmpwTZVfc.c -o _mkltmpwTZVfc.c.o  -L/Users/pittpongpittayapa/VSCode/kafka_test/node_modules/node-rdkafka/build/deps -lrt 
DBG 74382: compile check for librt () failed: gcc  -gstrict-dwarf -O2 -fPIC -Wall -Wsign-compare -Wfloat-equal -Wpointer-arith -Wcast-align -Wall -Werror _mkltmpwTZVfc.c -o _mkltmpwTZVfc.c.o  -L/Users/pittpongpittayapa/VSCode/kafka_test/node_modules/node-rdkafka/build/deps -lrt : ld: library not found for -lrt
clang: error: linker command failed with exit code 1 (use -v to see invocation)
DBG 74382: Setting librt (librt) status to failed (action cont)
DBG 74382: Check librt (, action cont (originally cont)) failed: compile check failed:
CC: CC
flags: -lrt
gcc  -gstrict-dwarf -O2 -fPIC -Wall -Wsign-compare -Wfloat-equal -Wpointer-arith -Wcast-align -Wall -Werror _mkltmpwTZVfc.c -o _mkltmpwTZVfc.c.o  -L/Users/pittpongpittayapa/VSCode/kafka_test/node_modules/node-rdkafka/build/deps -lrt :
ld: library not found for -lrt
clang: error: linker command failed with exit code 1 (use -v to see invocation)
source: 
DBG 74382: libpthread: Check for static library (libs -lpthread, arfile variable STATIC_LIB_libpthread=, static filenames )
DBG 74382: Compile check libpthread () (sub=0): gcc  -gstrict-dwarf -O2 -fPIC -Wall -Wsign-compare -Wfloat-equal -Wpointer-arith -Wcast-align -Wall -Werror _mkltmpCpzh4H.c -o _mkltmpCpzh4H.c.o  -L/Users/pittpongpittayapa/VSCode/kafka_test/node_modules/node-rdkafka/build/deps -lpthread 
DBG 74382: Setting libpthread (libpthread) status to ok (action fail)
DBG 74382: libpthread: from lib_check: LIBS: prepend -lpthread
DBG 74382: c11threads: Check for static library (libs -lpthread, arfile variable STATIC_LIB_c11threads=, static filenames )
DBG 74382: Compile check c11threads (WITH_C11THREADS) (sub=0): gcc  -gstrict-dwarf -O2 -fPIC -Wall -Wsign-compare -Wfloat-equal -Wpointer-arith -Wcast-align -Wall -Werror _mkltmpVUn0Ox.c -o _mkltmpVUn0Ox.c.o  -L/Users/pittpongpittayapa/VSCode/kafka_test/node_modules/node-rdkafka/build/deps -lpthread -lpthread
DBG 74382: compile check for c11threads (WITH_C11THREADS) failed: gcc  -gstrict-dwarf -O2 -fPIC -Wall -Wsign-compare -Wfloat-equal -Wpointer-arith -Wcast-align -Wall -Werror _mkltmpVUn0Ox.c -o _mkltmpVUn0Ox.c.o  -L/Users/pittpongpittayapa/VSCode/kafka_test/node_modules/node-rdkafka/build/deps -lpthread -lpthread: _mkltmpVUn0Ox.c:2:10: fatal error: 'threads.h' file not found
#include <threads.h>
         ^~~~~~~~~~~
1 error generated.
DBG 74382: Setting c11threads (c11threads) status to failed (action disable)
DBG 74382: Check c11threads (WITH_C11THREADS, action disable (originally disable)) failed: compile check failed:
CC: CC
flags: -lpthread
gcc  -gstrict-dwarf -O2 -fPIC -Wall -Wsign-compare -Wfloat-equal -Wpointer-arith -Wcast-align -Wall -Werror _mkltmpVUn0Ox.c -o _mkltmpVUn0Ox.c.o  -L/Users/pittpongpittayapa/VSCode/kafka_test/node_modules/node-rdkafka/build/deps -lpthread -lpthread:
_mkltmpVUn0Ox.c:2:10: fatal error: 'threads.h' file not found
#include <threads.h>
         ^~~~~~~~~~~
1 error generated.
source: 
#include <threads.h>


static int start_func (void *arg) {
   int iarg = *(int *)arg;
   return iarg;
}

void foo (void) {
    thrd_t thr;
    int arg = 1;
    if (thrd_create(&thr, start_func, (void *)&arg) != thrd_success) {
      ;
    }
}

DBG 74382: libdl: Check for static library (libs -ldl, arfile variable STATIC_LIB_libdl=, static filenames )
DBG 74382: Compile check libdl (WITH_LIBDL) (sub=0): gcc  -gstrict-dwarf -O2 -fPIC -Wall -Wsign-compare -Wfloat-equal -Wpointer-arith -Wcast-align -Wall -Werror _mkltmp52EorR.c -o _mkltmp52EorR.c.o  -L/Users/pittpongpittayapa/VSCode/kafka_test/node_modules/node-rdkafka/build/deps -ldl -lpthread
DBG 74382: Setting libdl (libdl) status to ok (action disable)
DBG 74382: libdl: from lib_check: LIBS: prepend -ldl
DBG 74382: zlib: Check for static library (libs -lz, arfile variable STATIC_LIB_zlib=, static filenames libz.a)
DBG 74382: Compile check zlib (WITH_ZLIB) (sub=0): gcc  -gstrict-dwarf -O2 -fPIC -Wall -Wsign-compare -Wfloat-equal -Wpointer-arith -Wcast-align -Wall -Werror _mkltmpKQRfiC.c -o _mkltmpKQRfiC.c.o  -L/Users/pittpongpittayapa/VSCode/kafka_test/node_modules/node-rdkafka/build/deps -lz -ldl -lpthread
DBG 74382: Setting zlib (zlib) status to ok (action disable)
DBG 74382: zlib: from lib_check: LIBS: prepend -lz
DBG 74382: libcrypto: Check for static library (libs -lcrypto, arfile variable STATIC_LIB_libcrypto=, static filenames libcrypto.a)
DBG 74382: Compile check libcrypto () (sub=0): gcc  -gstrict-dwarf -O2 -fPIC -Wall -Wsign-compare -Wfloat-equal -Wpointer-arith -Wcast-align -Wall -Werror _mkltmp8rQb5i.c -o _mkltmp8rQb5i.c.o  -L/Users/pittpongpittayapa/VSCode/kafka_test/node_modules/node-rdkafka/build/deps -lcrypto -lz -ldl -lpthread
DBG 74382: compile check for libcrypto () failed: gcc  -gstrict-dwarf -O2 -fPIC -Wall -Wsign-compare -Wfloat-equal -Wpointer-arith -Wcast-align -Wall -Werror _mkltmp8rQb5i.c -o _mkltmp8rQb5i.c.o  -L/Users/pittpongpittayapa/VSCode/kafka_test/node_modules/node-rdkafka/build/deps -lcrypto -lz -ldl -lpthread: _mkltmp8rQb5i.c:2:10: fatal error: 'openssl/ssl.h' file not found
#include <openssl/ssl.h>
         ^~~~~~~~~~~~~~~
1 error generated.
DBG 74382: Setting libcrypto (libcrypto) status to failed (action disable)
DBG 74382: Check libcrypto (, action disable (originally disable)) failed: compile check failed:
CC: CC
flags: -lcrypto
gcc  -gstrict-dwarf -O2 -fPIC -Wall -Wsign-compare -Wfloat-equal -Wpointer-arith -Wcast-align -Wall -Werror _mkltmp8rQb5i.c -o _mkltmp8rQb5i.c.o  -L/Users/pittpongpittayapa/VSCode/kafka_test/node_modules/node-rdkafka/build/deps -lcrypto -lz -ldl -lpthread:
_mkltmp8rQb5i.c:2:10: fatal error: 'openssl/ssl.h' file not found
#include <openssl/ssl.h>
         ^~~~~~~~~~~~~~~
1 error generated.
source: 
#include <openssl/ssl.h>
#include <openssl/evp.h>
#if OPENSSL_VERSION_NUMBER < 0x1000100fL
#error "Requires OpenSSL version >= v1.0.1"
#endif
DBG 74382: libsasl2: Check for static library (libs -lsasl2, arfile variable STATIC_LIB_libsasl2=, static filenames )
DBG 74382: Compile check libsasl2 (WITH_SASL_CYRUS) (sub=0): gcc  -gstrict-dwarf -O2 -fPIC -Wall -Wsign-compare -Wfloat-equal -Wpointer-arith -Wcast-align -Wall -Werror _mkltmpW544wt.c -o _mkltmpW544wt.c.o  -L/Users/pittpongpittayapa/VSCode/kafka_test/node_modules/node-rdkafka/build/deps -lsasl2 -lz -ldl -lpthread
DBG 74382: Setting libsasl2 (libsasl2) status to ok (action disable)
DBG 74382: libsasl2: from lib_check: LIBS: prepend -lsasl2
DBG 74382: libzstd: Check for static library (libs -lzstd, arfile variable STATIC_LIB_libzstd=, static filenames libzstd.a)
DBG 74382: Compile check libzstd (WITH_ZSTD) (sub=0): gcc  -gstrict-dwarf -O2 -fPIC -Wall -Wsign-compare -Wfloat-equal -Wpointer-arith -Wcast-align -Wall -Werror _mkltmpAExyMf.c -o _mkltmpAExyMf.c.o  -L/Users/pittpongpittayapa/VSCode/kafka_test/node_modules/node-rdkafka/build/deps -lzstd -lsasl2 -lz -ldl -lpthread
DBG 74382: compile check for libzstd (WITH_ZSTD) failed: gcc  -gstrict-dwarf -O2 -fPIC -Wall -Wsign-compare -Wfloat-equal -Wpointer-arith -Wcast-align -Wall -Werror _mkltmpAExyMf.c -o _mkltmpAExyMf.c.o  -L/Users/pittpongpittayapa/VSCode/kafka_test/node_modules/node-rdkafka/build/deps -lzstd -lsasl2 -lz -ldl -lpthread: _mkltmpAExyMf.c:2:10: fatal error: 'zstd.h' file not found
#include <zstd.h>
         ^~~~~~~~
1 error generated.
DBG 74382: Setting libzstd (libzstd) status to failed (action disable)
DBG 74382: Check libzstd (WITH_ZSTD, action disable (originally disable)) failed: compile check failed:
CC: CC
flags: -lzstd
gcc  -gstrict-dwarf -O2 -fPIC -Wall -Wsign-compare -Wfloat-equal -Wpointer-arith -Wcast-align -Wall -Werror _mkltmpAExyMf.c -o _mkltmpAExyMf.c.o  -L/Users/pittpongpittayapa/VSCode/kafka_test/node_modules/node-rdkafka/build/deps -lzstd -lsasl2 -lz -ldl -lpthread:
_mkltmpAExyMf.c:2:10: fatal error: 'zstd.h' file not found
#include <zstd.h>
         ^~~~~~~~
1 error generated.
source: 
#include <zstd.h>
#include <zstd_errors.h>

void foo (void) {
     ZSTD_getFrameContentSize(NULL, 0);
}

DBG 74382: libcurl: Check for static library (libs -lcurl, arfile variable STATIC_LIB_libcurl=, static filenames libcurl.a)
DBG 74382: Compile check libcurl (WITH_CURL) (sub=0): gcc  -gstrict-dwarf -O2 -fPIC -Wall -Wsign-compare -Wfloat-equal -Wpointer-arith -Wcast-align -Wall -Werror _mkltmpXVQrhF.c -o _mkltmpXVQrhF.c.o  -L/Users/pittpongpittayapa/VSCode/kafka_test/node_modules/node-rdkafka/build/deps -lcurl -lsasl2 -lz -ldl -lpthread
DBG 74382: Setting libcurl (libcurl) status to ok (action disable)
DBG 74382: libcurl: from lib_check: LIBS: prepend -lcurl
DBG 74382: libm: Check for static library (libs -lm, arfile variable STATIC_LIB_libm=, static filenames )
DBG 74382: Compile check libm () (sub=0): gcc  -gstrict-dwarf -O2 -fPIC -Wall -Wsign-compare -Wfloat-equal -Wpointer-arith -Wcast-align -Wall -Werror _mkltmp2V3noi.c -o _mkltmp2V3noi.c.o  -L/Users/pittpongpittayapa/VSCode/kafka_test/node_modules/node-rdkafka/build/deps -lm -lcurl -lsasl2 -lz -ldl -lpthread
DBG 74382: Setting libm (libm) status to ok (action disable)
DBG 74382: libm: from lib_check: LIBS: prepend -lm
DBG 74382: liblz4: Check for static library (libs -llz4, arfile variable STATIC_LIB_liblz4=, static filenames liblz4.a)
DBG 74382: Compile check liblz4 (WITH_LZ4_EXT) (sub=0): gcc  -gstrict-dwarf -O2 -fPIC -Wall -Wsign-compare -Wfloat-equal -Wpointer-arith -Wcast-align -Wall -Werror _mkltmpRc7vbu.c -o _mkltmpRc7vbu.c.o  -L/Users/pittpongpittayapa/VSCode/kafka_test/node_modules/node-rdkafka/build/deps -llz4 -lm -lcurl -lsasl2 -lz -ldl -lpthread
DBG 74382: compile check for liblz4 (WITH_LZ4_EXT) failed: gcc  -gstrict-dwarf -O2 -fPIC -Wall -Wsign-compare -Wfloat-equal -Wpointer-arith -Wcast-align -Wall -Werror _mkltmpRc7vbu.c -o _mkltmpRc7vbu.c.o  -L/Users/pittpongpittayapa/VSCode/kafka_test/node_modules/node-rdkafka/build/deps -llz4 -lm -lcurl -lsasl2 -lz -ldl -lpthread: _mkltmpRc7vbu.c:1:10: fatal error: 'lz4frame.h' file not found
#include <lz4frame.h>
         ^~~~~~~~~~~~
1 error generated.
DBG 74382: Setting liblz4 (liblz4) status to failed (action disable)
DBG 74382: Check liblz4 (WITH_LZ4_EXT, action disable (originally disable)) failed: compile check failed:
CC: CC
flags: -llz4
gcc  -gstrict-dwarf -O2 -fPIC -Wall -Wsign-compare -Wfloat-equal -Wpointer-arith -Wcast-align -Wall -Werror _mkltmpRc7vbu.c -o _mkltmpRc7vbu.c.o  -L/Users/pittpongpittayapa/VSCode/kafka_test/node_modules/node-rdkafka/build/deps -llz4 -lm -lcurl -lsasl2 -lz -ldl -lpthread:
_mkltmpRc7vbu.c:1:10: fatal error: 'lz4frame.h' file not found
#include <lz4frame.h>
         ^~~~~~~~~~~~
1 error generated.
source: #include <lz4frame.h>
DBG 74382: Compile check syslog (WITH_SYSLOG) (sub=0): gcc  -gstrict-dwarf -O2 -fPIC -Wall -Wsign-compare -Wfloat-equal -Wpointer-arith -Wcast-align -Wall -Werror _mkltmp70ycl8.c -o _mkltmp70ycl8.c.o  -L/Users/pittpongpittayapa/VSCode/kafka_test/node_modules/node-rdkafka/build/deps  -lm -lcurl -lsasl2 -lz -ldl -lpthread
DBG 74382: Setting syslog (syslog) status to ok (action disable)
DBG 74382: Compile check rapidjson (WITH_RAPIDJSON) (sub=0): g++  -gstrict-dwarf -O2 -fPIC -Wall -Wsign-compare -Wfloat-equal -Wpointer-arith -Wcast-align -Wall -Werror _mkltmphyIrCJ.cpp -o _mkltmphyIrCJ.cpp.o  -L/Users/pittpongpittayapa/VSCode/kafka_test/node_modules/node-rdkafka/build/deps  -lm -lcurl -lsasl2 -lz -ldl -lpthread
DBG 74382: compile check for rapidjson (WITH_RAPIDJSON) failed: g++  -gstrict-dwarf -O2 -fPIC -Wall -Wsign-compare -Wfloat-equal -Wpointer-arith -Wcast-align -Wall -Werror _mkltmphyIrCJ.cpp -o _mkltmphyIrCJ.cpp.o  -L/Users/pittpongpittayapa/VSCode/kafka_test/node_modules/node-rdkafka/build/deps  -lm -lcurl -lsasl2 -lz -ldl -lpthread: _mkltmphyIrCJ.cpp:1:10: fatal error: 'rapidjson/schema.h' file not found
#include <rapidjson/schema.h>
         ^~~~~~~~~~~~~~~~~~~~
1 error generated.
DBG 74382: Setting rapidjson (rapidjson) status to failed (action disable)
DBG 74382: Check rapidjson (WITH_RAPIDJSON, action disable (originally disable)) failed: compile check failed:
CC: CXX
flags: 
g++  -gstrict-dwarf -O2 -fPIC -Wall -Wsign-compare -Wfloat-equal -Wpointer-arith -Wcast-align -Wall -Werror _mkltmphyIrCJ.cpp -o _mkltmphyIrCJ.cpp.o  -L/Users/pittpongpittayapa/VSCode/kafka_test/node_modules/node-rdkafka/build/deps  -lm -lcurl -lsasl2 -lz -ldl -lpthread:
_mkltmphyIrCJ.cpp:1:10: fatal error: 'rapidjson/schema.h' file not found
#include <rapidjson/schema.h>
         ^~~~~~~~~~~~~~~~~~~~
1 error generated.
source: #include <rapidjson/schema.h>
DBG 74382: Compile check crc32chw (WITH_CRC32C_HW) (sub=0): gcc  -gstrict-dwarf -O2 -fPIC -Wall -Wsign-compare -Wfloat-equal -Wpointer-arith -Wcast-align -Wall -Werror _mkltmpn3hsmK.c -o _mkltmpn3hsmK.c.o  -L/Users/pittpongpittayapa/VSCode/kafka_test/node_modules/node-rdkafka/build/deps  -lm -lcurl -lsasl2 -lz -ldl -lpthread
DBG 74382: Setting crc32chw (crc32chw) status to ok (action disable)
DBG 74382: Compile check regex (HAVE_REGEX) (sub=0): gcc  -gstrict-dwarf -O2 -fPIC -Wall -Wsign-compare -Wfloat-equal -Wpointer-arith -Wcast-align -Wall -Werror _mkltmpscOiML.c -o _mkltmpscOiML.c.o  -L/Users/pittpongpittayapa/VSCode/kafka_test/node_modules/node-rdkafka/build/deps  -lm -lcurl -lsasl2 -lz -ldl -lpthread
DBG 74382: Setting regex (regex) status to ok (action disable)
DBG 74382: Compile check rand_r (HAVE_RAND_R) (sub=0): gcc  -gstrict-dwarf -O2 -fPIC -Wall -Wsign-compare -Wfloat-equal -Wpointer-arith -Wcast-align -Wall -Werror _mkltmpWxXTIu.c -o _mkltmpWxXTIu.c.o  -L/Users/pittpongpittayapa/VSCode/kafka_test/node_modules/node-rdkafka/build/deps  -lm -lcurl -lsasl2 -lz -ldl -lpthread
DBG 74382: Setting rand_r (rand_r) status to ok (action disable)
DBG 74382: Compile check strndup (HAVE_STRNDUP) (sub=0): gcc  -gstrict-dwarf -O2 -fPIC -Wall -Wsign-compare -Wfloat-equal -Wpointer-arith -Wcast-align -Wall -Werror _mkltmpa1LGT9.c -o _mkltmpa1LGT9.c.o  -L/Users/pittpongpittayapa/VSCode/kafka_test/node_modules/node-rdkafka/build/deps  -lm -lcurl -lsasl2 -lz -ldl -lpthread
DBG 74382: Setting strndup (strndup) status to ok (action disable)
DBG 74382: Compile check strlcpy (HAVE_STRLCPY) (sub=0): gcc  -gstrict-dwarf -O2 -fPIC -Wall -Wsign-compare -Wfloat-equal -Wpointer-arith -Wcast-align -Wall -Werror _mkltmpWLUeEL.c -o _mkltmpWLUeEL.c.o  -L/Users/pittpongpittayapa/VSCode/kafka_test/node_modules/node-rdkafka/build/deps  -lm -lcurl -lsasl2 -lz -ldl -lpthread
DBG 74382: Setting strlcpy (strlcpy) status to ok (action disable)
DBG 74382: Compile check strerror_r (HAVE_STRERROR_R) (sub=0): gcc  -gstrict-dwarf -O2 -fPIC -Wall -Wsign-compare -Wfloat-equal -Wpointer-arith -Wcast-align -Wall -Werror _mkltmp13oKxZ.c -o _mkltmp13oKxZ.c.o  -L/Users/pittpongpittayapa/VSCode/kafka_test/node_modules/node-rdkafka/build/deps  -lm -lcurl -lsasl2 -lz -ldl -lpthread
DBG 74382: Setting strerror_r (strerror_r) status to ok (action disable)
DBG 74382: Compile check strcasestr (HAVE_STRCASESTR) (sub=0): gcc  -gstrict-dwarf -O2 -fPIC -Wall -Wsign-compare -Wfloat-equal -Wpointer-arith -Wcast-align -Wall -Werror _mkltmpgKhF4g.c -o _mkltmpgKhF4g.c.o  -L/Users/pittpongpittayapa/VSCode/kafka_test/node_modules/node-rdkafka/build/deps  -lm -lcurl -lsasl2 -lz -ldl -lpthread
DBG 74382: Setting strcasestr (strcasestr) status to ok (action disable)
DBG 74382: Compile check pthread_setname_gnu (HAVE_PTHREAD_SETNAME_GNU) (sub=0): gcc  -gstrict-dwarf -O2 -fPIC -Wall -Wsign-compare -Wfloat-equal -Wpointer-arith -Wcast-align -Wall -Werror _mkltmpQTaZCP.c -o _mkltmpQTaZCP.c.o  -L/Users/pittpongpittayapa/VSCode/kafka_test/node_modules/node-rdkafka/build/deps -D_GNU_SOURCE -lpthread -lm -lcurl -lsasl2 -lz -ldl -lpthread
DBG 74382: compile check for pthread_setname_gnu (HAVE_PTHREAD_SETNAME_GNU) failed: gcc  -gstrict-dwarf -O2 -fPIC -Wall -Wsign-compare -Wfloat-equal -Wpointer-arith -Wcast-align -Wall -Werror _mkltmpQTaZCP.c -o _mkltmpQTaZCP.c.o  -L/Users/pittpongpittayapa/VSCode/kafka_test/node_modules/node-rdkafka/build/deps -D_GNU_SOURCE -lpthread -lm -lcurl -lsasl2 -lz -ldl -lpthread: _mkltmpQTaZCP.c:5:38: error: too many arguments to function call, expected 1, have 2
  pthread_setname_np(pthread_self(), "abc");
  ~~~~~~~~~~~~~~~~~~                 ^~~~~
/Library/Developer/CommandLineTools/SDKs/MacOSX10.15.sdk/usr/include/pthread.h:512:1: note: 'pthread_setname_np' declared here
__API_AVAILABLE(macos(10.6), ios(3.2))
^
/Library/Developer/CommandLineTools/SDKs/MacOSX10.15.sdk/usr/include/Availability.h:504:162: note: expanded from macro '__API_AVAILABLE'
    #define __API_AVAILABLE(...) __API_AVAILABLE_GET_MACRO(__VA_ARGS__,__API_AVAILABLE7, __API_AVAILABLE6, __API_AVAILABLE5, __API_AVAILABLE4, __API_AVAILABLE3, __API_AVAILABLE2, __API_AVAILABLE1, 0)(__VA_ARGS__)
                                                                                                                                                                 ^
1 error generated.
DBG 74382: Setting pthread_setname_gnu (pthread_setname_gnu) status to failed (action disable)
DBG 74382: Check pthread_setname_gnu (HAVE_PTHREAD_SETNAME_GNU, action disable (originally disable)) failed: compile check failed:
CC: CC
flags: -D_GNU_SOURCE -lpthread
gcc  -gstrict-dwarf -O2 -fPIC -Wall -Wsign-compare -Wfloat-equal -Wpointer-arith -Wcast-align -Wall -Werror _mkltmpQTaZCP.c -o _mkltmpQTaZCP.c.o  -L/Users/pittpongpittayapa/VSCode/kafka_test/node_modules/node-rdkafka/build/deps -D_GNU_SOURCE -lpthread -lm -lcurl -lsasl2 -lz -ldl -lpthread:
_mkltmpQTaZCP.c:5:38: error: too many arguments to function call, expected 1, have 2
  pthread_setname_np(pthread_self(), "abc");
  ~~~~~~~~~~~~~~~~~~                 ^~~~~
/Library/Developer/CommandLineTools/SDKs/MacOSX10.15.sdk/usr/include/pthread.h:512:1: note: 'pthread_setname_np' declared here
__API_AVAILABLE(macos(10.6), ios(3.2))
^
/Library/Developer/CommandLineTools/SDKs/MacOSX10.15.sdk/usr/include/Availability.h:504:162: note: expanded from macro '__API_AVAILABLE'
    #define __API_AVAILABLE(...) __API_AVAILABLE_GET_MACRO(__VA_ARGS__,__API_AVAILABLE7, __API_AVAILABLE6, __API_AVAILABLE5, __API_AVAILABLE4, __API_AVAILABLE3, __API_AVAILABLE2, __API_AVAILABLE1, 0)(__VA_ARGS__)
                                                                                                                                                                 ^
1 error generated.
source: 
#include <pthread.h>

void foo (void) {
  pthread_setname_np(pthread_self(), "abc");
}

DBG 74382: Compile check pthread_setname_darwin (HAVE_PTHREAD_SETNAME_DARWIN) (sub=0): gcc  -gstrict-dwarf -O2 -fPIC -Wall -Wsign-compare -Wfloat-equal -Wpointer-arith -Wcast-align -Wall -Werror _mkltmph5I2LO.c -o _mkltmph5I2LO.c.o  -L/Users/pittpongpittayapa/VSCode/kafka_test/node_modules/node-rdkafka/build/deps -D_DARWIN_C_SOURCE -lpthread -lm -lcurl -lsasl2 -lz -ldl -lpthread
DBG 74382: Setting pthread_setname_darwin (pthread_setname_darwin) status to ok (action disable)
DBG 74382: Setting nm (nm) status to ok (action cont)
DBG 74382: Compile check getrusage (HAVE_GETRUSAGE) (sub=0): gcc  -gstrict-dwarf -O2 -fPIC -Wall -Wsign-compare -Wfloat-equal -Wpointer-arith -Wcast-align -Wall -Werror _mkltmpdVXwM9.c -o _mkltmpdVXwM9.c.o  -L/Users/pittpongpittayapa/VSCode/kafka_test/node_modules/node-rdkafka/build/deps  -lm -lcurl -lsasl2 -lz -ldl -lpthread
DBG 74382: Setting getrusage (getrusage) status to ok (action disable)
